Arguments: 
  C:\Program Files\nodejs\node.exe C:\Program Files (x86)\Yarn\bin\yarn.js add @babel/sli

PATH: 
  C:\Users\Joao Gomes\Downloads\bin;C:\Users\Joao Gomes\Downloads\vendor\bin;C:\Users\Joao Gomes\Downloads\vendor\conemu-maximus5\ConEmu\Scripts;C:\Users\Joao Gomes\Downloads\vendor\conemu-maximus5;C:\Users\Joao Gomes\Downloads\vendor\conemu-maximus5\ConEmu;C:\Program Files (x86)\Common Files\Oracle\Java\javapath;C:\Windows\system32;C:\Windows;C:\Windows\System32\Wbem;C:\Windows\System32\WindowsPowerShell\v1.0\;C:\Windows\System32\OpenSSH\;C:\Program Files\nodejs\;C:\Program Files\Git\cmd;C:\xampp\php;C:\ProgramData\ComposerSetup\bin;C:\Program Files (x86)\Yarn\bin\;C:\Program Files\MySQL\MySQL Shell 8.0\bin\;C:\Users\Joao Gomes\AppData\Local\Microsoft\WindowsApps;C:\Users\Joao Gomes\AppData\Local\atom\bin;C:\Users\Joao Gomes\AppData\Roaming\npm;C:\Users\Joao Gomes\AppData\Local\GitHubDesktop\bin;C:\Users\Joao Gomes\AppData\Roaming\Composer\vendor\bin;C:\Users\Joao Gomes\AppData\Local\Programs\Microsoft VS Code\bin;C:\xampp\mysql\bin;C:\Users\Joao Gomes\AppData\Local\Yarn\bin;C:\Program Files\Git\mingw64\bin;C:\Program Files\Git\usr\bin;C:\Users\Joao Gomes\Downloads;C:\Users\Joao Gomes\Downloads\vendor\git-for-windows\cmd;C:\Users\Joao Gomes\Downloads\vendor\git-for-windows\mingw64\bin;C:\Users\Joao Gomes\Downloads\vendor\git-for-windows\usr\bin

Yarn version: 
  1.22.4

Node version: 
  12.16.1

Platform: 
  win32 x64

Trace: 
  Error: https://registry.yarnpkg.com/@babel%2fsli: Not found
      at Request.params.callback [as _callback] (C:\Program Files (x86)\Yarn\lib\cli.js:66096:18)
      at Request.self.callback (C:\Program Files (x86)\Yarn\lib\cli.js:140748:22)
      at Request.emit (events.js:311:20)
      at Request.<anonymous> (C:\Program Files (x86)\Yarn\lib\cli.js:141720:10)
      at Request.emit (events.js:311:20)
      at IncomingMessage.<anonymous> (C:\Program Files (x86)\Yarn\lib\cli.js:141642:12)
      at Object.onceWrapper (events.js:417:28)
      at IncomingMessage.emit (events.js:323:22)
      at endReadableNT (_stream_readable.js:1204:12)
      at processTicksAndRejections (internal/process/task_queues.js:84:21)

npm manifest: 
  {
    "name": "ESjs",
    "version": "1.0.0",
    "main": "index.js",
    "license": "MIT"
  }

yarn manifest: 
  No manifest

Lockfile: 
  No lockfile
